<?xml version="1.0" encoding="UTF-8"?>
<testsuite name="sendWithRetry - Retry Disabled Tests" tests="2" skipped="0" failures="0" errors="0" timestamp="2026-02-24T10:32:05" hostname="CB-IT-01-1979" time="0.002">
  <properties/>
  <testcase name="should not retry when retry is disabled and request fails" classname="com.chargebee.v4.client.ChargebeeClientRetryTest$RetryDisabledTests" time="0.001"/>
  <testcase name="should not retry when retry is disabled and request succeeds" classname="com.chargebee.v4.client.ChargebeeClientRetryTest$RetryDisabledTests" time="0.001"/>
  <system-out><![CDATA[]]></system-out>
  <system-err><![CDATA[]]></system-err>
</testsuite>
