<?xml version="1.0" encoding="UTF-8"?>
<testsuite name="Long fields" tests="5" skipped="0" failures="0" errors="0" timestamp="2026-02-24T10:32:05" hostname="CB-IT-01-1979" time="0.0">
  <properties/>
  <testcase name="refundableCredits()" classname="com.chargebee.v4.internal.CustomerParserTest$LongFields" time="0.0"/>
  <testcase name="unbilledCharges()" classname="com.chargebee.v4.internal.CustomerParserTest$LongFields" time="0.0"/>
  <testcase name="resourceVersion()" classname="com.chargebee.v4.internal.CustomerParserTest$LongFields" time="0.0"/>
  <testcase name="promotionalCredits()" classname="com.chargebee.v4.internal.CustomerParserTest$LongFields" time="0.0"/>
  <testcase name="excessPayments()" classname="com.chargebee.v4.internal.CustomerParserTest$LongFields" time="0.0"/>
  <system-out><![CDATA[]]></system-out>
  <system-err><![CDATA[]]></system-err>
</testsuite>
