<?xml version="1.0" encoding="UTF-8"?>
<testsuite name="isValidBaseUrl Tests" tests="11" skipped="0" failures="0" errors="0" timestamp="2026-02-24T10:32:13" hostname="CB-IT-01-1979" time="0.002">
  <properties/>
  <testcase name="should return false for empty URL" classname="com.chargebee.v4.transport.UrlBuilderTest$IsValidBaseUrlTests" time="0.0"/>
  <testcase name="should return false for URL without protocol" classname="com.chargebee.v4.transport.UrlBuilderTest$IsValidBaseUrlTests" time="0.0"/>
  <testcase name="should return false for whitespace only" classname="com.chargebee.v4.transport.UrlBuilderTest$IsValidBaseUrlTests" time="0.0"/>
  <testcase name="should return false for null URL" classname="com.chargebee.v4.transport.UrlBuilderTest$IsValidBaseUrlTests" time="0.0"/>
  <testcase name="should return false for incomplete protocol" classname="com.chargebee.v4.transport.UrlBuilderTest$IsValidBaseUrlTests" time="0.0"/>
  <testcase name="should return true for valid http URL" classname="com.chargebee.v4.transport.UrlBuilderTest$IsValidBaseUrlTests" time="0.0"/>
  <testcase name="should return false for invalid protocol" classname="com.chargebee.v4.transport.UrlBuilderTest$IsValidBaseUrlTests" time="0.0"/>
  <testcase name="should return false for malformed URL" classname="com.chargebee.v4.transport.UrlBuilderTest$IsValidBaseUrlTests" time="0.0"/>
  <testcase name="should return true for valid https URL" classname="com.chargebee.v4.transport.UrlBuilderTest$IsValidBaseUrlTests" time="0.0"/>
  <testcase name="should return true for URL with path" classname="com.chargebee.v4.transport.UrlBuilderTest$IsValidBaseUrlTests" time="0.0"/>
  <testcase name="should return true for URL with port" classname="com.chargebee.v4.transport.UrlBuilderTest$IsValidBaseUrlTests" time="0.001"/>
  <system-out><![CDATA[]]></system-out>
  <system-err><![CDATA[]]></system-err>
</testsuite>
