<?xml version="1.0" encoding="UTF-8"?>
<testsuite name="Status Code Helper Tests" tests="6" skipped="0" failures="0" errors="0" timestamp="2026-02-24T10:32:05" hostname="CB-IT-01-1979" time="0.001">
  <properties/>
  <testcase name="should identify 502 as bad gateway" classname="com.chargebee.v4.exceptions.ServerErrorExceptionTest$StatusCodeHelperTests" time="0.0"/>
  <testcase name="should identify 501 as not implemented" classname="com.chargebee.v4.exceptions.ServerErrorExceptionTest$StatusCodeHelperTests" time="0.0"/>
  <testcase name="should identify 500 as internal server error" classname="com.chargebee.v4.exceptions.ServerErrorExceptionTest$StatusCodeHelperTests" time="0.0"/>
  <testcase name="should identify 504 as gateway timeout" classname="com.chargebee.v4.exceptions.ServerErrorExceptionTest$StatusCodeHelperTests" time="0.0"/>
  <testcase name="should identify 503 as service unavailable" classname="com.chargebee.v4.exceptions.ServerErrorExceptionTest$StatusCodeHelperTests" time="0.001"/>
  <testcase name="should not identify 500 as bad gateway" classname="com.chargebee.v4.exceptions.ServerErrorExceptionTest$StatusCodeHelperTests" time="0.0"/>
  <system-out><![CDATA[]]></system-out>
  <system-err><![CDATA[]]></system-err>
</testsuite>
