<?xml version="1.0" encoding="UTF-8"?>
<testsuite name="Retry-After Header Tests" tests="5" skipped="0" failures="0" errors="0" timestamp="2026-02-24T10:32:05" hostname="CB-IT-01-1979" time="0.001">
  <properties/>
  <testcase name="should handle whitespace in Retry-After value" classname="com.chargebee.v4.exceptions.ClientErrorExceptionTest$RetryAfterHeaderTests" time="0.0"/>
  <testcase name="should return -1 for non-numeric Retry-After value" classname="com.chargebee.v4.exceptions.ClientErrorExceptionTest$RetryAfterHeaderTests" time="0.001"/>
  <testcase name="should parse Retry-After header in seconds" classname="com.chargebee.v4.exceptions.ClientErrorExceptionTest$RetryAfterHeaderTests" time="0.0"/>
  <testcase name="should return -1 when response is null" classname="com.chargebee.v4.exceptions.ClientErrorExceptionTest$RetryAfterHeaderTests" time="0.0"/>
  <testcase name="should return -1 when Retry-After header is missing" classname="com.chargebee.v4.exceptions.ClientErrorExceptionTest$RetryAfterHeaderTests" time="0.0"/>
  <system-out><![CDATA[]]></system-out>
  <system-err><![CDATA[]]></system-err>
</testsuite>
