<?xml version="1.0" encoding="UTF-8"?>
<testsuite name="isRetryable Tests" tests="8" skipped="0" failures="0" errors="0" timestamp="2026-02-24T10:32:05" hostname="CB-IT-01-1979" time="0.005">
  <properties/>
  <testcase name="[1] 400" classname="com.chargebee.v4.exceptions.ClientErrorExceptionTest$IsRetryableTests" time="0.002"/>
  <testcase name="[2] 401" classname="com.chargebee.v4.exceptions.ClientErrorExceptionTest$IsRetryableTests" time="0.0"/>
  <testcase name="[3] 403" classname="com.chargebee.v4.exceptions.ClientErrorExceptionTest$IsRetryableTests" time="0.0"/>
  <testcase name="[4] 404" classname="com.chargebee.v4.exceptions.ClientErrorExceptionTest$IsRetryableTests" time="0.0"/>
  <testcase name="[5] 405" classname="com.chargebee.v4.exceptions.ClientErrorExceptionTest$IsRetryableTests" time="0.0"/>
  <testcase name="[6] 409" classname="com.chargebee.v4.exceptions.ClientErrorExceptionTest$IsRetryableTests" time="0.001"/>
  <testcase name="[7] 422" classname="com.chargebee.v4.exceptions.ClientErrorExceptionTest$IsRetryableTests" time="0.0"/>
  <testcase name="429 Too Many Requests should be retryable" classname="com.chargebee.v4.exceptions.ClientErrorExceptionTest$IsRetryableTests" time="0.0"/>
  <system-out><![CDATA[]]></system-out>
  <system-err><![CDATA[]]></system-err>
</testsuite>
