<?xml version="1.0" encoding="UTF-8"?>
<testsuite name="hasValue Tests" tests="3" skipped="0" failures="0" errors="0" timestamp="2026-02-24T10:32:05" hostname="CB-IT-01-1979" time="0.001">
  <properties/>
  <testcase name="missingKeyReturnsFalse()" classname="com.chargebee.v4.internal.JsonUtilTest$HasValueTests" time="0.0"/>
  <testcase name="nullValueReturnsFalse()" classname="com.chargebee.v4.internal.JsonUtilTest$HasValueTests" time="0.0"/>
  <testcase name="existingNonNullValue()" classname="com.chargebee.v4.internal.JsonUtilTest$HasValueTests" time="0.001"/>
  <system-out><![CDATA[]]></system-out>
  <system-err><![CDATA[]]></system-err>
</testsuite>
