<?xml version="1.0" encoding="UTF-8"?>
<testsuite name="BaseService subdomain methods" tests="4" skipped="0" failures="0" errors="0" timestamp="2026-02-24T10:32:05" hostname="CB-IT-01-1979" time="0.002">
  <properties/>
  <testcase name="postWithSubDomain should route request through subdomain URL" classname="com.chargebee.v4.client.SubDomainSupportTest$BaseServiceSubDomainMethods" time="0.0"/>
  <testcase name="getWithSubDomain should route request through subdomain URL" classname="com.chargebee.v4.client.SubDomainSupportTest$BaseServiceSubDomainMethods" time="0.0"/>
  <testcase name="subdomain URL should differ from normal URL" classname="com.chargebee.v4.client.SubDomainSupportTest$BaseServiceSubDomainMethods" time="0.0"/>
  <testcase name="postJsonWithSubDomain should route request through subdomain URL" classname="com.chargebee.v4.client.SubDomainSupportTest$BaseServiceSubDomainMethods" time="0.001"/>
  <system-out><![CDATA[]]></system-out>
  <system-err><![CDATA[]]></system-err>
</testsuite>
