<?xml version="1.0" encoding="UTF-8"?>
<testsuite name="Header Tests" tests="7" skipped="0" failures="0" errors="0" timestamp="2026-02-24T10:32:11" hostname="CB-IT-01-1979" time="0.012">
  <properties/>
  <testcase name="should not add GZIP accept-encoding when disabled" classname="com.chargebee.v4.transport.DefaultTransportTest$HeaderTests" time="0.002"/>
  <testcase name="should handle case-insensitive Content-Type check" classname="com.chargebee.v4.transport.DefaultTransportTest$HeaderTests" time="0.002"/>
  <testcase name="should add default headers" classname="com.chargebee.v4.transport.DefaultTransportTest$HeaderTests" time="0.002"/>
  <testcase name="should add GZIP accept-encoding when enabled" classname="com.chargebee.v4.transport.DefaultTransportTest$HeaderTests" time="0.001"/>
  <testcase name="should add config default headers" classname="com.chargebee.v4.transport.DefaultTransportTest$HeaderTests" time="0.001"/>
  <testcase name="should allow request headers to override default headers" classname="com.chargebee.v4.transport.DefaultTransportTest$HeaderTests" time="0.002"/>
  <testcase name="should add API key authorization header" classname="com.chargebee.v4.transport.DefaultTransportTest$HeaderTests" time="0.001"/>
  <system-out><![CDATA[]]></system-out>
  <system-err><![CDATA[]]></system-err>
</testsuite>
