<?xml version="1.0" encoding="UTF-8"?>
<testsuite name="toJson Tests" tests="7" skipped="0" failures="0" errors="0" timestamp="2026-02-24T10:32:05" hostname="CB-IT-01-1979" time="0.001">
  <properties/>
  <testcase name="serializeEmptyMap()" classname="com.chargebee.v4.internal.JsonUtilTest$ToJsonTests" time="0.0"/>
  <testcase name="serializeNestedStructures()" classname="com.chargebee.v4.internal.JsonUtilTest$ToJsonTests" time="0.0"/>
  <testcase name="escapeSpecialCharacters()" classname="com.chargebee.v4.internal.JsonUtilTest$ToJsonTests" time="0.0"/>
  <testcase name="serializeNullValues()" classname="com.chargebee.v4.internal.JsonUtilTest$ToJsonTests" time="0.0"/>
  <testcase name="serializeMap()" classname="com.chargebee.v4.internal.JsonUtilTest$ToJsonTests" time="0.0"/>
  <testcase name="serializeList()" classname="com.chargebee.v4.internal.JsonUtilTest$ToJsonTests" time="0.0"/>
  <testcase name="serializeEmptyList()" classname="com.chargebee.v4.internal.JsonUtilTest$ToJsonTests" time="0.0"/>
  <system-out><![CDATA[]]></system-out>
  <system-err><![CDATA[]]></system-err>
</testsuite>
