<?xml version="1.0" encoding="UTF-8"?>
<testsuite name="Second customer (cust_AzZhUGSP2)" tests="8" skipped="0" failures="0" errors="0" timestamp="2026-02-24T10:32:05" hostname="CB-IT-01-1979" time="0.001">
  <properties/>
  <testcase name="allowDirectDebit()" classname="com.chargebee.v4.internal.ListResponseParserTest$SecondCustomer" time="0.0"/>
  <testcase name="noCard()" classname="com.chargebee.v4.internal.ListResponseParserTest$SecondCustomer" time="0.0"/>
  <testcase name="noBillingAddress()" classname="com.chargebee.v4.internal.ListResponseParserTest$SecondCustomer" time="0.0"/>
  <testcase name="id()" classname="com.chargebee.v4.internal.ListResponseParserTest$SecondCustomer" time="0.0"/>
  <testcase name="email()" classname="com.chargebee.v4.internal.ListResponseParserTest$SecondCustomer" time="0.0"/>
  <testcase name="netTermDays()" classname="com.chargebee.v4.internal.ListResponseParserTest$SecondCustomer" time="0.0"/>
  <testcase name="autoCollectionOff()" classname="com.chargebee.v4.internal.ListResponseParserTest$SecondCustomer" time="0.0"/>
  <testcase name="promotionalCredits()" classname="com.chargebee.v4.internal.ListResponseParserTest$SecondCustomer" time="0.0"/>
  <system-out><![CDATA[]]></system-out>
  <system-err><![CDATA[]]></system-err>
</testsuite>
