<?xml version="1.0" encoding="UTF-8"?>
<testsuite name="sendWithRetry - Retry on Network Errors" tests="4" skipped="0" failures="0" errors="0" timestamp="2026-02-24T10:32:05" hostname="CB-IT-01-1979" time="0.159">
  <properties/>
  <testcase name="should fail after max retries on TimeoutException" classname="com.chargebee.v4.client.ChargebeeClientRetryTest$RetryOnNetworkErrorsTests" time="0.042"/>
  <testcase name="should fail after max retries on NetworkException" classname="com.chargebee.v4.client.ChargebeeClientRetryTest$RetryOnNetworkErrorsTests" time="0.091"/>
  <testcase name="should retry on NetworkException and succeed" classname="com.chargebee.v4.client.ChargebeeClientRetryTest$RetryOnNetworkErrorsTests" time="0.011"/>
  <testcase name="should retry on TimeoutException and succeed" classname="com.chargebee.v4.client.ChargebeeClientRetryTest$RetryOnNetworkErrorsTests" time="0.014"/>
  <system-out><![CDATA[]]></system-out>
  <system-err><![CDATA[]]></system-err>
</testsuite>
