<?xml version="1.0" encoding="UTF-8"?>
<testsuite name="parseJsonObjectToMap Tests" tests="6" skipped="0" failures="0" errors="0" timestamp="2026-02-24T10:32:05" hostname="CB-IT-01-1979" time="0.001">
  <properties/>
  <testcase name="simpleObjectToMap()" classname="com.chargebee.v4.internal.JsonUtilTest$ParseJsonObjectToMapTests" time="0.0"/>
  <testcase name="nullValuesPreserved()" classname="com.chargebee.v4.internal.JsonUtilTest$ParseJsonObjectToMapTests" time="0.001"/>
  <testcase name="nullReturnsEmptyMap()" classname="com.chargebee.v4.internal.JsonUtilTest$ParseJsonObjectToMapTests" time="0.0"/>
  <testcase name="arraysAsStrings()" classname="com.chargebee.v4.internal.JsonUtilTest$ParseJsonObjectToMapTests" time="0.0"/>
  <testcase name="nestedObjectsAsStrings()" classname="com.chargebee.v4.internal.JsonUtilTest$ParseJsonObjectToMapTests" time="0.0"/>
  <testcase name="doubleValues()" classname="com.chargebee.v4.internal.JsonUtilTest$ParseJsonObjectToMapTests" time="0.0"/>
  <system-out><![CDATA[]]></system-out>
  <system-err><![CDATA[]]></system-err>
</testsuite>
