<?xml version="1.0" encoding="UTF-8"?>
<testsuite name="Status Code Helpers Tests" tests="7" skipped="0" failures="0" errors="0" timestamp="2026-02-24T10:32:05" hostname="CB-IT-01-1979" time="0.002">
  <properties/>
  <testcase name="should identify server error (5xx)" classname="com.chargebee.v4.exceptions.HttpExceptionTest$StatusCodeHelperTests" time="0.001"/>
  <testcase name="should identify 499 as client error" classname="com.chargebee.v4.exceptions.HttpExceptionTest$StatusCodeHelperTests" time="0.0"/>
  <testcase name="should identify client error (4xx)" classname="com.chargebee.v4.exceptions.HttpExceptionTest$StatusCodeHelperTests" time="0.0"/>
  <testcase name="should not identify 200 as error" classname="com.chargebee.v4.exceptions.HttpExceptionTest$StatusCodeHelperTests" time="0.001"/>
  <testcase name="should identify 500 as server error" classname="com.chargebee.v4.exceptions.HttpExceptionTest$StatusCodeHelperTests" time="0.0"/>
  <testcase name="should identify 599 as server error" classname="com.chargebee.v4.exceptions.HttpExceptionTest$StatusCodeHelperTests" time="0.0"/>
  <testcase name="should identify 401 as client error" classname="com.chargebee.v4.exceptions.HttpExceptionTest$StatusCodeHelperTests" time="0.0"/>
  <system-out><![CDATA[]]></system-out>
  <system-err><![CDATA[]]></system-err>
</testsuite>
