<?xml version="1.0" encoding="UTF-8"?>
<testsuite name="Equals and HashCode Tests" tests="5" skipped="0" failures="0" errors="0" timestamp="2026-02-24T10:32:05" hostname="CB-IT-01-1979" time="0.0">
  <properties/>
  <testcase name="should be equal to itself" classname="com.chargebee.v4.transport.DefaultTransportTest$EqualsAndHashCodeTests" time="0.0"/>
  <testcase name="should not be equal when configs are different" classname="com.chargebee.v4.transport.DefaultTransportTest$EqualsAndHashCodeTests" time="0.0"/>
  <testcase name="should not be equal to null" classname="com.chargebee.v4.transport.DefaultTransportTest$EqualsAndHashCodeTests" time="0.0"/>
  <testcase name="should be equal when configs are equal" classname="com.chargebee.v4.transport.DefaultTransportTest$EqualsAndHashCodeTests" time="0.0"/>
  <testcase name="should not be equal to different class" classname="com.chargebee.v4.transport.DefaultTransportTest$EqualsAndHashCodeTests" time="0.0"/>
  <system-out><![CDATA[]]></system-out>
  <system-err><![CDATA[]]></system-err>
</testsuite>
