<?xml version="1.0" encoding="UTF-8"?>
<testsuite name="Timeout Tests" tests="2" skipped="0" failures="0" errors="0" timestamp="2026-02-24T10:32:05" hostname="CB-IT-01-1979" time="6.016">
  <properties/>
  <testcase name="should respect connect timeout setting" classname="com.chargebee.v4.transport.DefaultTransportTest$TimeoutTests" time="1.003"/>
  <testcase name="should respect read timeout setting" classname="com.chargebee.v4.transport.DefaultTransportTest$TimeoutTests" time="5.011"/>
  <system-out><![CDATA[]]></system-out>
  <system-err><![CDATA[]]></system-err>
</testsuite>
