<?xml version="1.0" encoding="UTF-8"?>
<testsuite name="Status Code Helper Tests" tests="9" skipped="0" failures="0" errors="0" timestamp="2026-02-24T10:32:05" hostname="CB-IT-01-1979" time="0.002">
  <properties/>
  <testcase name="should identify 400 as bad request" classname="com.chargebee.v4.exceptions.ClientErrorExceptionTest$StatusCodeHelperTests" time="0.0"/>
  <testcase name="should identify 409 as conflict" classname="com.chargebee.v4.exceptions.ClientErrorExceptionTest$StatusCodeHelperTests" time="0.0"/>
  <testcase name="should identify 429 as too many requests" classname="com.chargebee.v4.exceptions.ClientErrorExceptionTest$StatusCodeHelperTests" time="0.0"/>
  <testcase name="should identify 422 as unprocessable entity" classname="com.chargebee.v4.exceptions.ClientErrorExceptionTest$StatusCodeHelperTests" time="0.0"/>
  <testcase name="should identify 401 as unauthorized" classname="com.chargebee.v4.exceptions.ClientErrorExceptionTest$StatusCodeHelperTests" time="0.0"/>
  <testcase name="should identify 403 as forbidden" classname="com.chargebee.v4.exceptions.ClientErrorExceptionTest$StatusCodeHelperTests" time="0.0"/>
  <testcase name="TOO_MANY_REQUESTS constant should be 429" classname="com.chargebee.v4.exceptions.ClientErrorExceptionTest$StatusCodeHelperTests" time="0.001"/>
  <testcase name="should identify 404 as not found" classname="com.chargebee.v4.exceptions.ClientErrorExceptionTest$StatusCodeHelperTests" time="0.0"/>
  <testcase name="should identify 405 as method not allowed" classname="com.chargebee.v4.exceptions.ClientErrorExceptionTest$StatusCodeHelperTests" time="0.0"/>
  <system-out><![CDATA[]]></system-out>
  <system-err><![CDATA[]]></system-err>
</testsuite>
