<?xml version="1.0" encoding="UTF-8"?>
<testsuite name="Request Logger Tests" tests="7" skipped="0" failures="0" errors="0" timestamp="2026-02-24T10:32:11" hostname="CB-IT-01-1979" time="0.052">
  <properties/>
  <testcase name="should log network error" classname="com.chargebee.v4.transport.DefaultTransportTest$RequestLoggerTests" time="0.043"/>
  <testcase name="should log successful request and response" classname="com.chargebee.v4.transport.DefaultTransportTest$RequestLoggerTests" time="0.002"/>
  <testcase name="should not log when logger is null" classname="com.chargebee.v4.transport.DefaultTransportTest$RequestLoggerTests" time="0.001"/>
  <testcase name="should log HTTP error" classname="com.chargebee.v4.transport.DefaultTransportTest$RequestLoggerTests" time="0.002"/>
  <testcase name="should handle error when copying body for logging" classname="com.chargebee.v4.transport.DefaultTransportTest$RequestLoggerTests" time="0.001"/>
  <testcase name="should not log when logger is disabled" classname="com.chargebee.v4.transport.DefaultTransportTest$RequestLoggerTests" time="0.001"/>
  <testcase name="should log request with complete headers including defaults" classname="com.chargebee.v4.transport.DefaultTransportTest$RequestLoggerTests" time="0.001"/>
  <system-out><![CDATA[]]></system-out>
  <system-err><![CDATA[]]></system-err>
</testsuite>
