<?xml version="1.0" encoding="UTF-8"?>
<testsuite name="getJsonArray / getArray Tests" tests="6" skipped="0" failures="0" errors="0" timestamp="2026-02-24T10:32:05" hostname="CB-IT-01-1979" time="0.0">
  <properties/>
  <testcase name="getArrayNestedStructures()" classname="com.chargebee.v4.internal.JsonUtilTest$GetArrayTests" time="0.0"/>
  <testcase name="getArrayEmpty()" classname="com.chargebee.v4.internal.JsonUtilTest$GetArrayTests" time="0.0"/>
  <testcase name="getArrayReturnsJsonString()" classname="com.chargebee.v4.internal.JsonUtilTest$GetArrayTests" time="0.0"/>
  <testcase name="getJsonArrayValid()" classname="com.chargebee.v4.internal.JsonUtilTest$GetArrayTests" time="0.0"/>
  <testcase name="getJsonArrayMissingReturnsNull()" classname="com.chargebee.v4.internal.JsonUtilTest$GetArrayTests" time="0.0"/>
  <testcase name="getArrayNonArrayReturnsNull()" classname="com.chargebee.v4.internal.JsonUtilTest$GetArrayTests" time="0.0"/>
  <system-out><![CDATA[]]></system-out>
  <system-err><![CDATA[]]></system-err>
</testsuite>
