<?xml version="1.0" encoding="UTF-8"?>
<testsuite name="Empty collections for absent arrays" tests="5" skipped="0" failures="0" errors="0" timestamp="2026-02-24T10:32:05" hostname="CB-IT-01-1979" time="0.001">
  <properties/>
  <testcase name="entityIdentifiers()" classname="com.chargebee.v4.internal.CustomerParserTest$EmptyCollections" time="0.001"/>
  <testcase name="balances()" classname="com.chargebee.v4.internal.CustomerParserTest$EmptyCollections" time="0.0"/>
  <testcase name="contacts()" classname="com.chargebee.v4.internal.CustomerParserTest$EmptyCollections" time="0.0"/>
  <testcase name="referralUrls()" classname="com.chargebee.v4.internal.CustomerParserTest$EmptyCollections" time="0.0"/>
  <testcase name="taxProvidersFields()" classname="com.chargebee.v4.internal.CustomerParserTest$EmptyCollections" time="0.0"/>
  <system-out><![CDATA[]]></system-out>
  <system-err><![CDATA[]]></system-err>
</testsuite>
