<?xml version="1.0" encoding="UTF-8"?>
<testsuite name="ChargebeeClient AutoCloseable Tests" tests="5" skipped="0" failures="0" errors="0" timestamp="2026-02-24T10:32:02" hostname="CB-IT-01-1979" time="0.155">
  <properties/>
  <testcase name="should handle multiple close calls gracefully" classname="com.chargebee.v4.client.ChargebeeClientAsyncExecutorTest$ClientAutoCloseableTests" time="0.001"/>
  <testcase name="should close transport when transport is AutoCloseable" classname="com.chargebee.v4.client.ChargebeeClientAsyncExecutorTest$ClientAutoCloseableTests" time="0.0"/>
  <testcase name="should work with try-with-resources" classname="com.chargebee.v4.client.ChargebeeClientAsyncExecutorTest$ClientAutoCloseableTests" time="0.153"/>
  <testcase name="should handle close gracefully when transport is not AutoCloseable" classname="com.chargebee.v4.client.ChargebeeClientAsyncExecutorTest$ClientAutoCloseableTests" time="0.0"/>
  <testcase name="should implement AutoCloseable" classname="com.chargebee.v4.client.ChargebeeClientAsyncExecutorTest$ClientAutoCloseableTests" time="0.0"/>
  <system-out><![CDATA[]]></system-out>
  <system-err><![CDATA[]]></system-err>
</testsuite>
