<?xml version="1.0" encoding="UTF-8"?>
<testsuite name="Request Body Tests" tests="4" skipped="0" failures="0" errors="0" timestamp="2026-02-24T10:32:11" hostname="CB-IT-01-1979" time="0.019">
  <properties/>
  <testcase name="should send request without body" classname="com.chargebee.v4.transport.DefaultTransportTest$RequestBodyTests" time="0.006"/>
  <testcase name="should send request with empty body bytes" classname="com.chargebee.v4.transport.DefaultTransportTest$RequestBodyTests" time="0.005"/>
  <testcase name="should send request with form body" classname="com.chargebee.v4.transport.DefaultTransportTest$RequestBodyTests" time="0.003"/>
  <testcase name="should send request with raw body" classname="com.chargebee.v4.transport.DefaultTransportTest$RequestBodyTests" time="0.003"/>
  <system-out><![CDATA[]]></system-out>
  <system-err><![CDATA[]]></system-err>
</testsuite>
