<?xml version="1.0" encoding="UTF-8"?>
<testsuite name="getLong Tests" tests="6" skipped="0" failures="0" errors="0" timestamp="2026-02-24T10:32:05" hostname="CB-IT-01-1979" time="0.002">
  <properties/>
  <testcase name="zero()" classname="com.chargebee.v4.internal.JsonUtilTest$GetLongTests" time="0.0"/>
  <testcase name="positiveLong()" classname="com.chargebee.v4.internal.JsonUtilTest$GetLongTests" time="0.001"/>
  <testcase name="negativeLong()" classname="com.chargebee.v4.internal.JsonUtilTest$GetLongTests" time="0.0"/>
  <testcase name="epochTimestamp()" classname="com.chargebee.v4.internal.JsonUtilTest$GetLongTests" time="0.0"/>
  <testcase name="missingKeyReturnsNull()" classname="com.chargebee.v4.internal.JsonUtilTest$GetLongTests" time="0.0"/>
  <testcase name="resourceVersion()" classname="com.chargebee.v4.internal.JsonUtilTest$GetLongTests" time="0.0"/>
  <system-out><![CDATA[]]></system-out>
  <system-err><![CDATA[]]></system-err>
</testsuite>
