<?xml version="1.0" encoding="UTF-8"?>
<testsuite name="Custom Executor Tests" tests="2" skipped="0" failures="0" errors="0" timestamp="2026-02-24T10:32:05" hostname="CB-IT-01-1979" time="0.001">
  <properties/>
  <testcase name="should use custom executor when provided via TransportConfig" classname="com.chargebee.v4.transport.DefaultTransportExecutorTest$CustomExecutorTests" time="0.0"/>
  <testcase name="should execute async requests on custom executor" classname="com.chargebee.v4.transport.DefaultTransportExecutorTest$CustomExecutorTests" time="0.001"/>
  <system-out><![CDATA[]]></system-out>
  <system-err><![CDATA[]]></system-err>
</testsuite>
