<?xml version="1.0" encoding="UTF-8"?>
<testsuite name="com.chargebee.RequestInterceptorTest" tests="9" skipped="0" failures="0" errors="0" timestamp="2026-02-24T10:32:02" hostname="CB-IT-01-1979" time="0.01">
  <properties/>
  <testcase name="testInterceptorCanOverrideResponse()" classname="com.chargebee.RequestInterceptorTest" time="0.002"/>
  <testcase name="testBasicInterceptorInvocation()" classname="com.chargebee.RequestInterceptorTest" time="0.002"/>
  <testcase name="testMultipleRequestsWithSameInterceptor()" classname="com.chargebee.RequestInterceptorTest" time="0.002"/>
  <testcase name="testInterceptorWithJsonRequest()" classname="com.chargebee.RequestInterceptorTest" time="0.001"/>
  <testcase name="testInterceptorCanModifyHeaders()" classname="com.chargebee.RequestInterceptorTest" time="0.001"/>
  <testcase name="testInterceptorBuilder()" classname="com.chargebee.RequestInterceptorTest" time="0.0"/>
  <testcase name="testNoInterceptorWhenNotConfigured()" classname="com.chargebee.RequestInterceptorTest" time="0.0"/>
  <testcase name="testInterceptorExceptionHandling()" classname="com.chargebee.RequestInterceptorTest" time="0.0"/>
  <testcase name="testInterceptorWithPostRequest()" classname="com.chargebee.RequestInterceptorTest" time="0.001"/>
  <system-out><![CDATA[]]></system-out>
  <system-err><![CDATA[]]></system-err>
</testsuite>
