<?xml version="1.0" encoding="UTF-8"?>
<testsuite name="isRetryable Tests" tests="2" skipped="0" failures="0" errors="0" timestamp="2026-02-24T10:32:05" hostname="CB-IT-01-1979" time="0.0">
  <properties/>
  <testcase name="should always be retryable" classname="com.chargebee.v4.exceptions.NetworkExceptionTest$IsRetryableTests" time="0.0"/>
  <testcase name="should be retryable even with UnknownHostException" classname="com.chargebee.v4.exceptions.NetworkExceptionTest$IsRetryableTests" time="0.0"/>
  <system-out><![CDATA[]]></system-out>
  <system-err><![CDATA[]]></system-err>
</testsuite>
