<?xml version="1.0" encoding="UTF-8"?>
<testsuite name="Billing address (nested object)" tests="12" skipped="0" failures="0" errors="0" timestamp="2026-02-24T10:32:05" hostname="CB-IT-01-1979" time="0.002">
  <properties/>
  <testcase name="stateCode()" classname="com.chargebee.v4.internal.CustomerParserTest$BillingAddressTests" time="0.0"/>
  <testcase name="zip()" classname="com.chargebee.v4.internal.CustomerParserTest$BillingAddressTests" time="0.0"/>
  <testcase name="city()" classname="com.chargebee.v4.internal.CustomerParserTest$BillingAddressTests" time="0.0"/>
  <testcase name="line1()" classname="com.chargebee.v4.internal.CustomerParserTest$BillingAddressTests" time="0.0"/>
  <testcase name="state()" classname="com.chargebee.v4.internal.CustomerParserTest$BillingAddressTests" time="0.0"/>
  <testcase name="billingFirstName()" classname="com.chargebee.v4.internal.CustomerParserTest$BillingAddressTests" time="0.0"/>
  <testcase name="absentLine2()" classname="com.chargebee.v4.internal.CustomerParserTest$BillingAddressTests" time="0.0"/>
  <testcase name="absentLine3()" classname="com.chargebee.v4.internal.CustomerParserTest$BillingAddressTests" time="0.0"/>
  <testcase name="billingAddressNotNull()" classname="com.chargebee.v4.internal.CustomerParserTest$BillingAddressTests" time="0.0"/>
  <testcase name="country()" classname="com.chargebee.v4.internal.CustomerParserTest$BillingAddressTests" time="0.0"/>
  <testcase name="billingLastName()" classname="com.chargebee.v4.internal.CustomerParserTest$BillingAddressTests" time="0.0"/>
  <testcase name="validationStatus()" classname="com.chargebee.v4.internal.CustomerParserTest$BillingAddressTests" time="0.0"/>
  <system-out><![CDATA[]]></system-out>
  <system-err><![CDATA[]]></system-err>
</testsuite>
