<?xml version="1.0" encoding="UTF-8"?>
<testsuite name="APIException Tests" tests="14" skipped="0" failures="0" errors="0" timestamp="2026-02-24T10:32:05" hostname="CB-IT-01-1979" time="0.01">
  <properties/>
  <testcase name="Should extract error_cause_id from response" classname="com.chargebee.v4.exceptions.APIExceptionTest" time="0.007"/>
  <testcase name="Should create APIException with all fields" classname="com.chargebee.v4.exceptions.APIExceptionTest" time="0.0"/>
  <testcase name="Should extract multiple params from error response array" classname="com.chargebee.v4.exceptions.APIExceptionTest" time="0.0"/>
  <testcase name="Should inherit getUrl from HttpException" classname="com.chargebee.v4.exceptions.APIExceptionTest" time="0.0"/>
  <testcase name="Should handle missing params gracefully" classname="com.chargebee.v4.exceptions.APIExceptionTest" time="0.0"/>
  <testcase name="Should be retryable for 429 status code" classname="com.chargebee.v4.exceptions.APIExceptionTest" time="0.0"/>
  <testcase name="Should extract single param from error response" classname="com.chargebee.v4.exceptions.APIExceptionTest" time="0.0"/>
  <testcase name="Should be retryable for 5xx status codes except 501" classname="com.chargebee.v4.exceptions.APIExceptionTest" time="0.001"/>
  <testcase name="Should NOT be retryable for 4xx status codes except 429" classname="com.chargebee.v4.exceptions.APIExceptionTest" time="0.0"/>
  <testcase name="Should handle unknown error type gracefully" classname="com.chargebee.v4.exceptions.APIExceptionTest" time="0.0"/>
  <testcase name="Should handle unknown api_error_code with _UNKNOWN enum" classname="com.chargebee.v4.exceptions.APIExceptionTest" time="0.0"/>
  <testcase name="Should handle strongly-typed error type enum" classname="com.chargebee.v4.exceptions.APIExceptionTest" time="0.0"/>
  <testcase name="Should inherit getHttpMethod from HttpException" classname="com.chargebee.v4.exceptions.APIExceptionTest" time="0.001"/>
  <testcase name="Should create meaningful toString representation" classname="com.chargebee.v4.exceptions.APIExceptionTest" time="0.0"/>
  <system-out><![CDATA[]]></system-out>
  <system-err><![CDATA[]]></system-err>
</testsuite>
