<?xml version="1.0" encoding="UTF-8"?>
<testsuite name="Inherited Methods Tests" tests="3" skipped="0" failures="0" errors="0" timestamp="2026-02-24T10:32:05" hostname="CB-IT-01-1979" time="0.001">
  <properties/>
  <testcase name="should inherit getUrl from TransportException" classname="com.chargebee.v4.exceptions.NetworkExceptionTest$InheritedMethodsTests" time="0.0"/>
  <testcase name="should inherit getRequest from TransportException" classname="com.chargebee.v4.exceptions.NetworkExceptionTest$InheritedMethodsTests" time="0.0"/>
  <testcase name="should inherit getHttpMethod from TransportException" classname="com.chargebee.v4.exceptions.NetworkExceptionTest$InheritedMethodsTests" time="0.001"/>
  <system-out><![CDATA[]]></system-out>
  <system-err><![CDATA[]]></system-err>
</testsuite>
