<?xml version="1.0" encoding="UTF-8"?>
<testsuite name="getDouble Tests" tests="4" skipped="0" failures="0" errors="0" timestamp="2026-02-24T10:32:05" hostname="CB-IT-01-1979" time="0.001">
  <properties/>
  <testcase name="integerAsDouble()" classname="com.chargebee.v4.internal.JsonUtilTest$GetDoubleTests" time="0.001"/>
  <testcase name="exchangeRate()" classname="com.chargebee.v4.internal.JsonUtilTest$GetDoubleTests" time="0.0"/>
  <testcase name="negativeDouble()" classname="com.chargebee.v4.internal.JsonUtilTest$GetDoubleTests" time="0.0"/>
  <testcase name="positiveDouble()" classname="com.chargebee.v4.internal.JsonUtilTest$GetDoubleTests" time="0.0"/>
  <system-out><![CDATA[]]></system-out>
  <system-err><![CDATA[]]></system-err>
</testsuite>
