<?xml version="1.0" encoding="UTF-8"?>
<testsuite name="parse Tests" tests="6" skipped="0" failures="0" errors="0" timestamp="2026-02-24T10:32:05" hostname="CB-IT-01-1979" time="0.001">
  <properties/>
  <testcase name="parseToArrayValid()" classname="com.chargebee.v4.internal.JsonUtilTest$ParseTests" time="0.0"/>
  <testcase name="validJson()" classname="com.chargebee.v4.internal.JsonUtilTest$ParseTests" time="0.0"/>
  <testcase name="emptyStringReturnsEmptyObject()" classname="com.chargebee.v4.internal.JsonUtilTest$ParseTests" time="0.0"/>
  <testcase name="invalidJsonReturnsEmptyObject()" classname="com.chargebee.v4.internal.JsonUtilTest$ParseTests" time="0.0"/>
  <testcase name="nullReturnsEmptyObject()" classname="com.chargebee.v4.internal.JsonUtilTest$ParseTests" time="0.0"/>
  <testcase name="parseToArrayNull()" classname="com.chargebee.v4.internal.JsonUtilTest$ParseTests" time="0.001"/>
  <system-out><![CDATA[]]></system-out>
  <system-err><![CDATA[]]></system-err>
</testsuite>
