<?xml version="1.0" encoding="UTF-8"?>
<testsuite name="Usage Pattern Tests" tests="3" skipped="0" failures="0" errors="0" timestamp="2026-02-24T10:32:05" hostname="CB-IT-01-1979" time="0.001">
  <properties/>
  <testcase name="should be catchable as RuntimeException" classname="com.chargebee.v4.exceptions.ConfigurationExceptionTest$UsagePatternTests" time="0.0"/>
  <testcase name="common configuration errors should have descriptive messages" classname="com.chargebee.v4.exceptions.ConfigurationExceptionTest$UsagePatternTests" time="0.001"/>
  <testcase name="should be throwable without checked exception handling" classname="com.chargebee.v4.exceptions.ConfigurationExceptionTest$UsagePatternTests" time="0.0"/>
  <system-out><![CDATA[]]></system-out>
  <system-err><![CDATA[]]></system-err>
</testsuite>
