<?xml version="1.0" encoding="UTF-8"?>
<testsuite name="sendWithRetry - Non-Retryable Exceptions" tests="2" skipped="0" failures="0" errors="0" timestamp="2026-02-24T10:32:05" hostname="CB-IT-01-1979" time="0.009">
  <properties/>
  <testcase name="should not retry on ConfigurationException" classname="com.chargebee.v4.client.ChargebeeClientRetryTest$NonRetryableExceptionsTests" time="0.004"/>
  <testcase name="should not retry on ClientErrorException" classname="com.chargebee.v4.client.ChargebeeClientRetryTest$NonRetryableExceptionsTests" time="0.004"/>
  <system-out><![CDATA[]]></system-out>
  <system-err><![CDATA[]]></system-err>
</testsuite>
