<?xml version="1.0" encoding="UTF-8"?>
<testsuite name="isRetryable Tests" tests="11" skipped="0" failures="0" errors="0" timestamp="2026-02-24T10:32:05" hostname="CB-IT-01-1979" time="0.004">
  <properties/>
  <testcase name="[1] 505" classname="com.chargebee.v4.exceptions.ServerErrorExceptionTest$IsRetryableTests" time="0.001"/>
  <testcase name="[2] 506" classname="com.chargebee.v4.exceptions.ServerErrorExceptionTest$IsRetryableTests" time="0.0"/>
  <testcase name="[3] 507" classname="com.chargebee.v4.exceptions.ServerErrorExceptionTest$IsRetryableTests" time="0.0"/>
  <testcase name="[4] 508" classname="com.chargebee.v4.exceptions.ServerErrorExceptionTest$IsRetryableTests" time="0.0"/>
  <testcase name="[5] 510" classname="com.chargebee.v4.exceptions.ServerErrorExceptionTest$IsRetryableTests" time="0.0"/>
  <testcase name="[6] 511" classname="com.chargebee.v4.exceptions.ServerErrorExceptionTest$IsRetryableTests" time="0.0"/>
  <testcase name="[1] 500" classname="com.chargebee.v4.exceptions.ServerErrorExceptionTest$IsRetryableTests" time="0.0"/>
  <testcase name="[2] 502" classname="com.chargebee.v4.exceptions.ServerErrorExceptionTest$IsRetryableTests" time="0.001"/>
  <testcase name="[3] 503" classname="com.chargebee.v4.exceptions.ServerErrorExceptionTest$IsRetryableTests" time="0.0"/>
  <testcase name="[4] 504" classname="com.chargebee.v4.exceptions.ServerErrorExceptionTest$IsRetryableTests" time="0.0"/>
  <testcase name="501 Not Implemented should NOT be retryable" classname="com.chargebee.v4.exceptions.ServerErrorExceptionTest$IsRetryableTests" time="0.0"/>
  <system-out><![CDATA[]]></system-out>
  <system-err><![CDATA[]]></system-err>
</testsuite>
