<?xml version="1.0" encoding="UTF-8"?>
<testsuite name="URL Building Tests" tests="6" skipped="0" failures="0" errors="0" timestamp="2026-02-24T10:32:05" hostname="CB-IT-01-1979" time="0.01">
  <properties/>
  <testcase name="should build URL with multiple query params" classname="com.chargebee.v4.transport.DefaultTransportTest$UrlBuildingTests" time="0.002"/>
  <testcase name="should handle URL with existing query string" classname="com.chargebee.v4.transport.DefaultTransportTest$UrlBuildingTests" time="0.001"/>
  <testcase name="should URL encode query param values" classname="com.chargebee.v4.transport.DefaultTransportTest$UrlBuildingTests" time="0.001"/>
  <testcase name="should build URL with single query param" classname="com.chargebee.v4.transport.DefaultTransportTest$UrlBuildingTests" time="0.002"/>
  <testcase name="should build URL without query params" classname="com.chargebee.v4.transport.DefaultTransportTest$UrlBuildingTests" time="0.002"/>
  <testcase name="should handle multiple values for same query param" classname="com.chargebee.v4.transport.DefaultTransportTest$UrlBuildingTests" time="0.001"/>
  <system-out><![CDATA[]]></system-out>
  <system-err><![CDATA[]]></system-err>
</testsuite>
