<?xml version="1.0" encoding="UTF-8"?>
<testsuite name="Builder Tests" tests="3" skipped="0" failures="0" errors="0" timestamp="2026-02-24T10:32:13" hostname="CB-IT-01-1979" time="0.002">
  <properties/>
  <testcase name="should build transport with all parameters" classname="com.chargebee.v4.transport.DefaultTransportTest$BuilderTests" time="0.001"/>
  <testcase name="should use default values when not specified" classname="com.chargebee.v4.transport.DefaultTransportTest$BuilderTests" time="0.0"/>
  <testcase name="should throw when apiKey is missing" classname="com.chargebee.v4.transport.DefaultTransportTest$BuilderTests" time="0.0"/>
  <system-out><![CDATA[]]></system-out>
  <system-err><![CDATA[]]></system-err>
</testsuite>
