<?xml version="1.0" encoding="UTF-8"?>
<testsuite name="parseArrayOf* Tests" tests="7" skipped="0" failures="0" errors="0" timestamp="2026-02-24T10:32:05" hostname="CB-IT-01-1979" time="0.001">
  <properties/>
  <testcase name="strings()" classname="com.chargebee.v4.internal.JsonUtilTest$ParseArrayOfTests" time="0.0"/>
  <testcase name="bigDecimals()" classname="com.chargebee.v4.internal.JsonUtilTest$ParseArrayOfTests" time="0.0"/>
  <testcase name="longs()" classname="com.chargebee.v4.internal.JsonUtilTest$ParseArrayOfTests" time="0.0"/>
  <testcase name="integers()" classname="com.chargebee.v4.internal.JsonUtilTest$ParseArrayOfTests" time="0.0"/>
  <testcase name="nullReturnsEmptyLists()" classname="com.chargebee.v4.internal.JsonUtilTest$ParseArrayOfTests" time="0.0"/>
  <testcase name="doubles()" classname="com.chargebee.v4.internal.JsonUtilTest$ParseArrayOfTests" time="0.0"/>
  <testcase name="booleans()" classname="com.chargebee.v4.internal.JsonUtilTest$ParseArrayOfTests" time="0.0"/>
  <system-out><![CDATA[]]></system-out>
  <system-err><![CDATA[]]></system-err>
</testsuite>
