<?xml version="1.0" encoding="UTF-8"?>
<testsuite name="Exception Hierarchy Tests" tests="3" skipped="0" failures="0" errors="0" timestamp="2026-02-24T10:32:05" hostname="CB-IT-01-1979" time="0.001">
  <properties/>
  <testcase name="should be instance of RuntimeException" classname="com.chargebee.v4.exceptions.ConfigurationExceptionTest$ExceptionHierarchyTests" time="0.0"/>
  <testcase name="should NOT be instance of Exception subclass TransportException" classname="com.chargebee.v4.exceptions.ConfigurationExceptionTest$ExceptionHierarchyTests" time="0.0"/>
  <testcase name="should be unchecked exception" classname="com.chargebee.v4.exceptions.ConfigurationExceptionTest$ExceptionHierarchyTests" time="0.0"/>
  <system-out><![CDATA[]]></system-out>
  <system-err><![CDATA[]]></system-err>
</testsuite>
