<?xml version="1.0" encoding="UTF-8"?>
<testsuite name="Inherited Methods Tests" tests="4" skipped="0" failures="0" errors="0" timestamp="2026-02-24T10:32:05" hostname="CB-IT-01-1979" time="0.001">
  <properties/>
  <testcase name="should inherit getUrl" classname="com.chargebee.v4.exceptions.ServerErrorExceptionTest$InheritedMethodsTests" time="0.0"/>
  <testcase name="should inherit isServerError returning true" classname="com.chargebee.v4.exceptions.ServerErrorExceptionTest$InheritedMethodsTests" time="0.001"/>
  <testcase name="should inherit isClientError returning false" classname="com.chargebee.v4.exceptions.ServerErrorExceptionTest$InheritedMethodsTests" time="0.0"/>
  <testcase name="should inherit getHttpMethod" classname="com.chargebee.v4.exceptions.ServerErrorExceptionTest$InheritedMethodsTests" time="0.0"/>
  <system-out><![CDATA[]]></system-out>
  <system-err><![CDATA[]]></system-err>
</testsuite>
