<?xml version="1.0" encoding="UTF-8"?>
<testsuite name="Consent Fields (cs_*) - Customer" tests="2" skipped="0" failures="0" errors="0" timestamp="2026-02-24T10:32:05" hostname="CB-IT-01-1979" time="0.003">
  <properties/>
  <testcase name="emptyWhenNoCsPresent()" classname="com.chargebee.v4.internal.CustomFieldsTest$ConsentFieldsTests" time="0.003"/>
  <testcase name="rootConsentFields()" classname="com.chargebee.v4.internal.CustomFieldsTest$ConsentFieldsTests" time="0.0"/>
  <system-out><![CDATA[]]></system-out>
  <system-err><![CDATA[]]></system-err>
</testsuite>
