<?xml version="1.0" encoding="UTF-8"?>
<testsuite name="getString Tests" tests="11" skipped="0" failures="0" errors="0" timestamp="2026-02-24T10:32:05" hostname="CB-IT-01-1979" time="0.001">
  <properties/>
  <testcase name="colonsInValue()" classname="com.chargebee.v4.internal.JsonUtilTest$GetStringTests" time="0.0"/>
  <testcase name="stringWithSpaces()" classname="com.chargebee.v4.internal.JsonUtilTest$GetStringTests" time="0.0"/>
  <testcase name="nullObjReturnsNull()" classname="com.chargebee.v4.internal.JsonUtilTest$GetStringTests" time="0.0"/>
  <testcase name="simpleString()" classname="com.chargebee.v4.internal.JsonUtilTest$GetStringTests" time="0.0"/>
  <testcase name="escapedQuotes()" classname="com.chargebee.v4.internal.JsonUtilTest$GetStringTests" time="0.0"/>
  <testcase name="unicode()" classname="com.chargebee.v4.internal.JsonUtilTest$GetStringTests" time="0.0"/>
  <testcase name="missingKeyReturnsNull()" classname="com.chargebee.v4.internal.JsonUtilTest$GetStringTests" time="0.0"/>
  <testcase name="escapedBackslashes()" classname="com.chargebee.v4.internal.JsonUtilTest$GetStringTests" time="0.0"/>
  <testcase name="newlinesAndTabs()" classname="com.chargebee.v4.internal.JsonUtilTest$GetStringTests" time="0.0"/>
  <testcase name="emptyString()" classname="com.chargebee.v4.internal.JsonUtilTest$GetStringTests" time="0.0"/>
  <testcase name="nullKeyReturnsNull()" classname="com.chargebee.v4.internal.JsonUtilTest$GetStringTests" time="0.0"/>
  <system-out><![CDATA[]]></system-out>
  <system-err><![CDATA[]]></system-err>
</testsuite>
