<?xml version="1.0" encoding="UTF-8"?>
<testsuite name="Third customer with card (cust_AzZhUGSP3)" tests="8" skipped="0" failures="0" errors="0" timestamp="2026-02-24T10:32:05" hostname="CB-IT-01-1979" time="0.001">
  <properties/>
  <testcase name="cardNotNull()" classname="com.chargebee.v4.internal.ListResponseParserTest$ThirdCustomerWithCard" time="0.0"/>
  <testcase name="customerId()" classname="com.chargebee.v4.internal.ListResponseParserTest$ThirdCustomerWithCard" time="0.0"/>
  <testcase name="cardMaskedNumber()" classname="com.chargebee.v4.internal.ListResponseParserTest$ThirdCustomerWithCard" time="0.0"/>
  <testcase name="cardLast4()" classname="com.chargebee.v4.internal.ListResponseParserTest$ThirdCustomerWithCard" time="0.0"/>
  <testcase name="taxabilityExempt()" classname="com.chargebee.v4.internal.ListResponseParserTest$ThirdCustomerWithCard" time="0.0"/>
  <testcase name="cardType()" classname="com.chargebee.v4.internal.ListResponseParserTest$ThirdCustomerWithCard" time="0.0"/>
  <testcase name="cardExpiry()" classname="com.chargebee.v4.internal.ListResponseParserTest$ThirdCustomerWithCard" time="0.0"/>
  <testcase name="cardCustomerId()" classname="com.chargebee.v4.internal.ListResponseParserTest$ThirdCustomerWithCard" time="0.0"/>
  <system-out><![CDATA[]]></system-out>
  <system-err><![CDATA[]]></system-err>
</testsuite>
