<?xml version="1.0" encoding="UTF-8"?>
<testsuite name="AutoCloseable Tests" tests="4" skipped="0" failures="0" errors="0" timestamp="2026-02-24T10:32:05" hostname="CB-IT-01-1979" time="0.001">
  <properties/>
  <testcase name="should handle multiple close calls gracefully" classname="com.chargebee.v4.transport.DefaultTransportExecutorTest$AutoCloseableTests" time="0.0"/>
  <testcase name="should be usable with try-with-resources" classname="com.chargebee.v4.transport.DefaultTransportExecutorTest$AutoCloseableTests" time="0.0"/>
  <testcase name="should shut down owned executor on close" classname="com.chargebee.v4.transport.DefaultTransportExecutorTest$AutoCloseableTests" time="0.0"/>
  <testcase name="should not shut down user-provided executor on close" classname="com.chargebee.v4.transport.DefaultTransportExecutorTest$AutoCloseableTests" time="0.0"/>
  <system-out><![CDATA[]]></system-out>
  <system-err><![CDATA[]]></system-err>
</testsuite>
