<?xml version="1.0" encoding="UTF-8"?>
<testsuite name="Request Context Tests" tests="2" skipped="0" failures="0" errors="0" timestamp="2026-02-24T10:32:05" hostname="CB-IT-01-1979" time="0.001">
  <properties/>
  <testcase name="should return URL from request" classname="com.chargebee.v4.exceptions.HttpExceptionTest$RequestContextTests" time="0.001"/>
  <testcase name="should return HTTP method from request" classname="com.chargebee.v4.exceptions.HttpExceptionTest$RequestContextTests" time="0.0"/>
  <system-out><![CDATA[]]></system-out>
  <system-err><![CDATA[]]></system-err>
</testsuite>
