<?xml version="1.0" encoding="UTF-8"?>
<testsuite name="HttpStatusHandler Tests" tests="15" skipped="0" failures="0" errors="0" timestamp="2026-02-24T10:32:13" hostname="CB-IT-01-1979" time="0.005">
  <properties/>
  <testcase name="Should fall back to ClientErrorException for non-JSON error response" classname="com.chargebee.v4.transport.HttpStatusHandlerTest" time="0.001"/>
  <testcase name="Should use default message when message field is missing" classname="com.chargebee.v4.transport.HttpStatusHandlerTest" time="0.0"/>
  <testcase name="Should throw PaymentException for payment error type" classname="com.chargebee.v4.transport.HttpStatusHandlerTest" time="0.0"/>
  <testcase name="Should throw ServerErrorException for 5xx errors without JSON" classname="com.chargebee.v4.transport.HttpStatusHandlerTest" time="0.0"/>
  <testcase name="Should throw APIException for ubb_batch_ingestion_invalid_request type (unrecognized type)" classname="com.chargebee.v4.transport.HttpStatusHandlerTest" time="0.001"/>
  <testcase name="Should not throw exception for successful response" classname="com.chargebee.v4.transport.HttpStatusHandlerTest" time="0.0"/>
  <testcase name="Should throw generic APIException for unknown error type" classname="com.chargebee.v4.transport.HttpStatusHandlerTest" time="0.0"/>
  <testcase name="Should handle unknown api_error_code with _UNKNOWN enum" classname="com.chargebee.v4.transport.HttpStatusHandlerTest" time="0.0"/>
  <testcase name="Should throw InvalidRequestException for invalid_request error type" classname="com.chargebee.v4.transport.HttpStatusHandlerTest" time="0.001"/>
  <testcase name="Should handle empty error response gracefully" classname="com.chargebee.v4.transport.HttpStatusHandlerTest" time="0.0"/>
  <testcase name="Should throw OperationFailedException for operation_failed error type" classname="com.chargebee.v4.transport.HttpStatusHandlerTest" time="0.0"/>
  <testcase name="Should throw APIException for batch URL (batch handling not yet implemented)" classname="com.chargebee.v4.transport.HttpStatusHandlerTest" time="0.0"/>
  <testcase name="Should fall back to ClientErrorException when only message field is present" classname="com.chargebee.v4.transport.HttpStatusHandlerTest" time="0.0"/>
  <testcase name="Should handle strongly-typed ApiErrorCode enums" classname="com.chargebee.v4.transport.HttpStatusHandlerTest" time="0.0"/>
  <testcase name="Should throw generic APIException when type is missing but message and api_error_code exist" classname="com.chargebee.v4.transport.HttpStatusHandlerTest" time="0.0"/>
  <system-out><![CDATA[]]></system-out>
  <system-err><![CDATA[]]></system-err>
</testsuite>
