<?xml version="1.0" encoding="UTF-8"?>
<testsuite name="com.chargebee.v4.client.request.RequestOptionsTest" tests="6" skipped="0" failures="0" errors="0" timestamp="2026-02-24T10:32:05" hostname="CB-IT-01-1979" time="0.001">
  <properties/>
  <testcase name="testIdempotencyKeyWithOtherHeaders()" classname="com.chargebee.v4.client.request.RequestOptionsTest" time="0.0"/>
  <testcase name="testBuilderMethodChaining()" classname="com.chargebee.v4.client.request.RequestOptionsTest" time="0.001"/>
  <testcase name="testIdempotencyKeyCanBeOverwritten()" classname="com.chargebee.v4.client.request.RequestOptionsTest" time="0.0"/>
  <testcase name="testIdempotencyKeyWithEmptyString()" classname="com.chargebee.v4.client.request.RequestOptionsTest" time="0.0"/>
  <testcase name="testIdempotencyKeyWithNullValue()" classname="com.chargebee.v4.client.request.RequestOptionsTest" time="0.0"/>
  <testcase name="testIdempotencyKeyIsSetInHeaders()" classname="com.chargebee.v4.client.request.RequestOptionsTest" time="0.0"/>
  <system-out><![CDATA[]]></system-out>
  <system-err><![CDATA[]]></system-err>
</testsuite>
