<?xml version="1.0" encoding="UTF-8"?>
<testsuite name="Subscription" tests="3" skipped="0" failures="0" errors="0" timestamp="2026-02-24T10:32:05" hostname="CB-IT-01-1979" time="0.005">
  <properties/>
  <testcase name="emptyWhenNoCfPresent()" classname="com.chargebee.v4.internal.CustomFieldsTest$SubscriptionTests" time="0.004"/>
  <testcase name="nestedCfFieldsNotLeaked()" classname="com.chargebee.v4.internal.CustomFieldsTest$SubscriptionTests" time="0.001"/>
  <testcase name="rootCustomFields()" classname="com.chargebee.v4.internal.CustomFieldsTest$SubscriptionTests" time="0.0"/>
  <system-out><![CDATA[]]></system-out>
  <system-err><![CDATA[]]></system-err>
</testsuite>
