<?xml version="1.0" encoding="UTF-8"?>
<testsuite name="sendWithRetryAsync - Async Retry Tests" tests="6" skipped="0" failures="0" errors="0" timestamp="2026-02-24T10:32:04" hostname="CB-IT-01-1979" time="0.102">
  <properties/>
  <testcase name="should fail async after max retries" classname="com.chargebee.v4.client.ChargebeeClientRetryTest$AsyncRetryTests" time="0.043"/>
  <testcase name="should retry async request on NetworkException and succeed" classname="com.chargebee.v4.client.ChargebeeClientRetryTest$AsyncRetryTests" time="0.017"/>
  <testcase name="should not retry async when retry disabled" classname="com.chargebee.v4.client.ChargebeeClientRetryTest$AsyncRetryTests" time="0.003"/>
  <testcase name="should retry async request on TimeoutException and succeed" classname="com.chargebee.v4.client.ChargebeeClientRetryTest$AsyncRetryTests" time="0.014"/>
  <testcase name="should not retry async on non-retryable exception" classname="com.chargebee.v4.client.ChargebeeClientRetryTest$AsyncRetryTests" time="0.004"/>
  <testcase name="should retry async on retryable status code" classname="com.chargebee.v4.client.ChargebeeClientRetryTest$AsyncRetryTests" time="0.015"/>
  <system-out><![CDATA[]]></system-out>
  <system-err><![CDATA[]]></system-err>
</testsuite>
