<?xml version="1.0" encoding="UTF-8"?>
<testsuite name="First customer (cust_AzZhUGSP1)" tests="11" skipped="0" failures="0" errors="0" timestamp="2026-02-24T10:32:05" hostname="CB-IT-01-1979" time="0.001">
  <properties/>
  <testcase name="lastName()" classname="com.chargebee.v4.internal.ListResponseParserTest$FirstCustomer" time="0.0"/>
  <testcase name="autoCollection()" classname="com.chargebee.v4.internal.ListResponseParserTest$FirstCustomer" time="0.0"/>
  <testcase name="noCard()" classname="com.chargebee.v4.internal.ListResponseParserTest$FirstCustomer" time="0.0"/>
  <testcase name="preferredCurrencyCode()" classname="com.chargebee.v4.internal.ListResponseParserTest$FirstCustomer" time="0.0"/>
  <testcase name="id()" classname="com.chargebee.v4.internal.ListResponseParserTest$FirstCustomer" time="0.0"/>
  <testcase name="email()" classname="com.chargebee.v4.internal.ListResponseParserTest$FirstCustomer" time="0.0"/>
  <testcase name="firstName()" classname="com.chargebee.v4.internal.ListResponseParserTest$FirstCustomer" time="0.0"/>
  <testcase name="createdAt()" classname="com.chargebee.v4.internal.ListResponseParserTest$FirstCustomer" time="0.001"/>
  <testcase name="billingAddress()" classname="com.chargebee.v4.internal.ListResponseParserTest$FirstCustomer" time="0.0"/>
  <testcase name="resourceVersion()" classname="com.chargebee.v4.internal.ListResponseParserTest$FirstCustomer" time="0.0"/>
  <testcase name="deleted()" classname="com.chargebee.v4.internal.ListResponseParserTest$FirstCustomer" time="0.0"/>
  <system-out><![CDATA[]]></system-out>
  <system-err><![CDATA[]]></system-err>
</testsuite>
