<?xml version="1.0" encoding="UTF-8"?>
<testsuite name="Edge cases" tests="9" skipped="0" failures="0" errors="0" timestamp="2026-02-24T10:32:05" hostname="CB-IT-01-1979" time="0.003">
  <properties/>
  <testcase name="nextOffsetWithSpecialCharacters()" classname="com.chargebee.v4.internal.ListResponseParserTest$EdgeCases" time="0.0"/>
  <testcase name="emptyList()" classname="com.chargebee.v4.internal.ListResponseParserTest$EdgeCases" time="0.0"/>
  <testcase name="listItemWithOnlyCard()" classname="com.chargebee.v4.internal.ListResponseParserTest$EdgeCases" time="0.0"/>
  <testcase name="missingNextOffset()" classname="com.chargebee.v4.internal.ListResponseParserTest$EdgeCases" time="0.001"/>
  <testcase name="singleItemNoCard()" classname="com.chargebee.v4.internal.ListResponseParserTest$EdgeCases" time="0.0"/>
  <testcase name="largeList()" classname="com.chargebee.v4.internal.ListResponseParserTest$EdgeCases" time="0.001"/>
  <testcase name="nullNextOffset()" classname="com.chargebee.v4.internal.ListResponseParserTest$EdgeCases" time="0.0"/>
  <testcase name="emptyJsonObject()" classname="com.chargebee.v4.internal.ListResponseParserTest$EdgeCases" time="0.001"/>
  <testcase name="missingListKey()" classname="com.chargebee.v4.internal.ListResponseParserTest$EdgeCases" time="0.0"/>
  <system-out><![CDATA[]]></system-out>
  <system-err><![CDATA[]]></system-err>
</testsuite>
